[2019-03-26 11:05:17.430] [exthost] [info] extension host started
[2019-03-26 11:05:17.467] [exthost] [info] ExtensionService#_doActivateExtension vscode.debug-auto-launch {"startup":true,"activationEvent":"*"}
[2019-03-26 11:05:17.467] [exthost] [info] ExtensionService#loadCommonJSModule /usr/share/code/resources/app/extensions/debug-auto-launch/dist/extension
[2019-03-26 11:05:17.654] [exthost] [info] ExtensionService#_doActivateExtension vscode.emmet {"startup":true,"activationEvent":"*"}
[2019-03-26 11:05:17.656] [exthost] [info] ExtensionService#loadCommonJSModule /usr/share/code/resources/app/extensions/emmet/dist/extension
[2019-03-26 11:05:17.817] [exthost] [info] ExtensionService#_doActivateExtension vscode.git {"startup":true,"activationEvent":"*"}
[2019-03-26 11:05:17.817] [exthost] [info] ExtensionService#loadCommonJSModule /usr/share/code/resources/app/extensions/git/dist/main
[2019-03-26 11:05:18.043] [exthost] [info] ExtensionService#_doActivateExtension vscode.merge-conflict {"startup":true,"activationEvent":"*"}
[2019-03-26 11:05:18.043] [exthost] [info] ExtensionService#loadCommonJSModule /usr/share/code/resources/app/extensions/merge-conflict/dist/extension
[2019-03-26 11:05:18.090] [exthost] [info] ExtensionService#_doActivateExtension HookyQR.beautify {"startup":true,"activationEvent":"*"}
[2019-03-26 11:05:18.091] [exthost] [info] ExtensionService#loadCommonJSModule /home/kaustubh/.vscode/extensions/hookyqr.beautify-1.4.11/extension
[2019-03-26 11:05:19.412] [exthost] [info] ExtensionService#_doActivateExtension felixfbecker.php-intellisense {"startup":true,"activationEvent":"workspaceContains:**/*.php"}
[2019-03-26 11:05:19.412] [exthost] [info] ExtensionService#loadCommonJSModule /home/kaustubh/.vscode/extensions/felixfbecker.php-intellisense-2.3.10/out/extension
[2019-03-26 11:05:25.137] [exthost] [info] eager extensions activated
[2019-03-26 11:06:07.952] [exthost] [info] ExtensionService#_doActivateExtension vscode.php-language-features {"startup":false,"activationEvent":"onLanguage:php"}
[2019-03-26 11:06:07.953] [exthost] [info] ExtensionService#loadCommonJSModule /usr/share/code/resources/app/extensions/php-language-features/dist/phpMain
[2019-03-26 11:06:08.125] [exthost] [info] ExtensionService#_doActivateExtension AndersEAndersen.html-class-suggestions {"startup":false,"activationEvent":"onLanguage:php"}
[2019-03-26 11:06:08.125] [exthost] [info] ExtensionService#loadCommonJSModule /home/kaustubh/.vscode/extensions/anderseandersen.html-class-suggestions-1.0.7/out/src/extension
[2019-03-26 11:06:09.087] [exthost] [info] ExtensionService#_doActivateExtension bmewburn.vscode-intelephense-client {"startup":false,"activationEvent":"onLanguage:php"}
[2019-03-26 11:06:09.087] [exthost] [info] ExtensionService#loadCommonJSModule /home/kaustubh/.vscode/extensions/bmewburn.vscode-intelephense-client-1.0.8/out/src/extension
[2019-03-26 11:06:10.276] [exthost] [info] ExtensionService#_doActivateExtension ecmel.vscode-html-css {"startup":false,"activationEvent":"onLanguage:php"}
[2019-03-26 11:06:10.276] [exthost] [info] ExtensionService#loadCommonJSModule /home/kaustubh/.vscode/extensions/ecmel.vscode-html-css-0.2.0/out/src/extension
[2019-03-26 11:06:22.792] [exthost] [info] ExtensionService#_doActivateExtension vscode.html-language-features {"startup":false,"activationEvent":"onLanguage:html"}
[2019-03-26 11:06:22.792] [exthost] [info] ExtensionService#loadCommonJSModule /usr/share/code/resources/app/extensions/html-language-features/client/dist/htmlMain
[2019-03-26 11:06:34.922] [exthost] [error] [AndersEAndersen.html-class-suggestions] provider FAILED
[2019-03-26 11:06:34.922] [exthost] [error] Not inside html class attribute.
[2019-03-26 11:06:38.602] [exthost] [error] [AndersEAndersen.html-class-suggestions] provider FAILED
[2019-03-26 11:06:38.602] [exthost] [error] Not inside html class attribute.
[2019-03-26 11:06:38.795] [exthost] [error] [AndersEAndersen.html-class-suggestions] provider FAILED
[2019-03-26 11:06:38.795] [exthost] [error] Not inside html class attribute.
[2019-03-26 11:06:41.566] [exthost] [error] [AndersEAndersen.html-class-suggestions] provider FAILED
[2019-03-26 11:06:41.566] [exthost] [error] Not inside html class attribute.
[2019-03-26 11:06:41.650] [exthost] [error] [AndersEAndersen.html-class-suggestions] provider FAILED
[2019-03-26 11:06:41.650] [exthost] [error] Not inside html class attribute.
[2019-03-26 11:06:50.139] [exthost] [error] [AndersEAndersen.html-class-suggestions] provider FAILED
[2019-03-26 11:06:50.139] [exthost] [error] Not inside html class attribute.
[2019-03-26 11:06:50.230] [exthost] [error] [AndersEAndersen.html-class-suggestions] provider FAILED
[2019-03-26 11:06:50.230] [exthost] [error] Not inside html class attribute.
[2019-03-26 11:06:51.294] [exthost] [error] [AndersEAndersen.html-class-suggestions] provider FAILED
[2019-03-26 11:06:51.294] [exthost] [error] Not inside html class attribute.
[2019-03-26 11:06:54.781] [exthost] [error] [AndersEAndersen.html-class-suggestions] provider FAILED
[2019-03-26 11:06:54.781] [exthost] [error] Not inside html class attribute.
[2019-03-26 11:06:54.971] [exthost] [error] [AndersEAndersen.html-class-suggestions] provider FAILED
[2019-03-26 11:06:54.971] [exthost] [error] Not inside html class attribute.
[2019-03-26 11:06:55.688] [exthost] [error] [AndersEAndersen.html-class-suggestions] provider FAILED
[2019-03-26 11:06:55.688] [exthost] [error] Not inside html class attribute.
[2019-03-26 11:06:55.704] [exthost] [error] [AndersEAndersen.html-class-suggestions] provider FAILED
[2019-03-26 11:06:55.704] [exthost] [error] Not inside html class attribute.
[2019-03-26 11:07:07.409] [exthost] [error] [AndersEAndersen.html-class-suggestions] provider FAILED
[2019-03-26 11:07:07.409] [exthost] [error] Not inside html class attribute.
[2019-03-26 11:07:08.511] [exthost] [error] [AndersEAndersen.html-class-suggestions] provider FAILED
[2019-03-26 11:07:08.511] [exthost] [error] Not inside html class attribute.
[2019-03-26 11:07:08.523] [exthost] [error] [AndersEAndersen.html-class-suggestions] provider FAILED
[2019-03-26 11:07:08.523] [exthost] [error] Not inside html class attribute.
[2019-03-26 11:07:12.808] [exthost] [error] [AndersEAndersen.html-class-suggestions] provider FAILED
[2019-03-26 11:07:12.808] [exthost] [error] Not inside html class attribute.
[2019-03-26 11:07:12.985] [exthost] [error] [AndersEAndersen.html-class-suggestions] provider FAILED
[2019-03-26 11:07:12.985] [exthost] [error] Not inside html class attribute.
[2019-03-26 11:07:22.086] [exthost] [error] [AndersEAndersen.html-class-suggestions] provider FAILED
[2019-03-26 11:07:22.086] [exthost] [error] Not inside html class attribute.
[2019-03-26 11:07:23.295] [exthost] [error] [AndersEAndersen.html-class-suggestions] provider FAILED
[2019-03-26 11:07:23.295] [exthost] [error] Not inside html class attribute.
[2019-03-26 11:07:23.305] [exthost] [error] [AndersEAndersen.html-class-suggestions] provider FAILED
[2019-03-26 11:07:23.305] [exthost] [error] Not inside html class attribute.
[2019-03-26 11:07:23.741] [exthost] [error] [AndersEAndersen.html-class-suggestions] provider FAILED
[2019-03-26 11:07:23.741] [exthost] [error] Not inside html class attribute.
[2019-03-26 11:07:23.750] [exthost] [error] [AndersEAndersen.html-class-suggestions] provider FAILED
[2019-03-26 11:07:23.750] [exthost] [error] Not inside html class attribute.
[2019-03-26 11:07:23.978] [exthost] [error] [AndersEAndersen.html-class-suggestions] provider FAILED
[2019-03-26 11:07:23.978] [exthost] [error] Not inside html class attribute.
[2019-03-26 11:07:24.043] [exthost] [error] [AndersEAndersen.html-class-suggestions] provider FAILED
[2019-03-26 11:07:24.043] [exthost] [error] Not inside html class attribute.
[2019-03-26 11:07:24.444] [exthost] [error] [AndersEAndersen.html-class-suggestions] provider FAILED
[2019-03-26 11:07:24.444] [exthost] [error] Not inside html class attribute.
[2019-03-26 11:07:24.473] [exthost] [error] [AndersEAndersen.html-class-suggestions] provider FAILED
[2019-03-26 11:07:24.473] [exthost] [error] Not inside html class attribute.
[2019-03-26 11:07:25.427] [exthost] [error] [AndersEAndersen.html-class-suggestions] provider FAILED
[2019-03-26 11:07:25.427] [exthost] [error] Not inside html class attribute.
[2019-03-26 11:07:25.437] [exthost] [error] [AndersEAndersen.html-class-suggestions] provider FAILED
[2019-03-26 11:07:25.437] [exthost] [error] Not inside html class attribute.
[2019-03-26 11:07:25.697] [exthost] [error] [AndersEAndersen.html-class-suggestions] provider FAILED
[2019-03-26 11:07:25.697] [exthost] [error] Not inside html class attribute.
[2019-03-26 11:07:25.703] [exthost] [error] [AndersEAndersen.html-class-suggestions] provider FAILED
[2019-03-26 11:07:25.703] [exthost] [error] Not inside html class attribute.
[2019-03-26 11:07:26.289] [exthost] [error] [AndersEAndersen.html-class-suggestions] provider FAILED
[2019-03-26 11:07:26.289] [exthost] [error] Not inside html class attribute.
[2019-03-26 11:07:26.301] [exthost] [error] [AndersEAndersen.html-class-suggestions] provider FAILED
[2019-03-26 11:07:26.301] [exthost] [error] Not inside html class attribute.
[2019-03-26 11:07:27.070] [exthost] [error] [AndersEAndersen.html-class-suggestions] provider FAILED
[2019-03-26 11:07:27.070] [exthost] [error] Not inside html class attribute.
[2019-03-26 11:07:27.079] [exthost] [error] [AndersEAndersen.html-class-suggestions] provider FAILED
[2019-03-26 11:07:27.079] [exthost] [error] Not inside html class attribute.
[2019-03-26 11:07:27.149] [exthost] [error] [AndersEAndersen.html-class-suggestions] provider FAILED
[2019-03-26 11:07:27.149] [exthost] [error] Not inside html class attribute.
[2019-03-26 11:07:27.157] [exthost] [error] [AndersEAndersen.html-class-suggestions] provider FAILED
[2019-03-26 11:07:27.157] [exthost] [error] Not inside html class attribute.
[2019-03-26 11:07:27.759] [exthost] [error] [AndersEAndersen.html-class-suggestions] provider FAILED
[2019-03-26 11:07:27.759] [exthost] [error] Not inside html class attribute.
[2019-03-26 11:07:27.788] [exthost] [error] [AndersEAndersen.html-class-suggestions] provider FAILED
[2019-03-26 11:07:27.788] [exthost] [error] Not inside html class attribute.
[2019-03-26 11:07:28.108] [exthost] [error] [AndersEAndersen.html-class-suggestions] provider FAILED
[2019-03-26 11:07:28.108] [exthost] [error] Not inside html class attribute.
[2019-03-26 11:07:28.118] [exthost] [error] [AndersEAndersen.html-class-suggestions] provider FAILED
[2019-03-26 11:07:28.118] [exthost] [error] Not inside html class attribute.
[2019-03-26 11:07:28.350] [exthost] [error] [AndersEAndersen.html-class-suggestions] provider FAILED
[2019-03-26 11:07:28.350] [exthost] [error] Not inside html class attribute.
[2019-03-26 11:07:28.380] [exthost] [error] [AndersEAndersen.html-class-suggestions] provider FAILED
[2019-03-26 11:07:28.380] [exthost] [error] Not inside html class attribute.
[2019-03-26 11:07:28.803] [exthost] [error] [AndersEAndersen.html-class-suggestions] provider FAILED
[2019-03-26 11:07:28.803] [exthost] [error] Not inside html class attribute.
[2019-03-26 11:07:28.943] [exthost] [error] [AndersEAndersen.html-class-suggestions] provider FAILED
[2019-03-26 11:07:28.943] [exthost] [error] Not inside html class attribute.
[2019-03-26 11:07:33.184] [exthost] [error] [AndersEAndersen.html-class-suggestions] provider FAILED
[2019-03-26 11:07:33.184] [exthost] [error] Not inside html class attribute.
[2019-03-26 11:07:34.861] [exthost] [error] [AndersEAndersen.html-class-suggestions] provider FAILED
[2019-03-26 11:07:34.861] [exthost] [error] Not inside html class attribute.
[2019-03-26 11:07:34.875] [exthost] [error] [AndersEAndersen.html-class-suggestions] provider FAILED
[2019-03-26 11:07:34.875] [exthost] [error] Not inside html class attribute.
[2019-03-26 11:07:38.953] [exthost] [error] [AndersEAndersen.html-class-suggestions] provider FAILED
[2019-03-26 11:07:38.953] [exthost] [error] Not inside html class attribute.
[2019-03-26 11:07:38.971] [exthost] [error] [AndersEAndersen.html-class-suggestions] provider FAILED
[2019-03-26 11:07:38.971] [exthost] [error] Not inside html class attribute.
[2019-03-26 11:07:43.543] [exthost] [error] [AndersEAndersen.html-class-suggestions] provider FAILED
[2019-03-26 11:07:43.543] [exthost] [error] Not inside html class attribute.
[2019-03-26 11:07:43.554] [exthost] [error] [AndersEAndersen.html-class-suggestions] provider FAILED
[2019-03-26 11:07:43.554] [exthost] [error] Not inside html class attribute.
[2019-03-26 11:07:52.856] [exthost] [error] [AndersEAndersen.html-class-suggestions] provider FAILED
[2019-03-26 11:07:52.856] [exthost] [error] Not inside html class attribute.
[2019-03-26 11:07:54.037] [exthost] [error] [AndersEAndersen.html-class-suggestions] provider FAILED
[2019-03-26 11:07:54.037] [exthost] [error] Not inside html class attribute.
[2019-03-26 11:07:59.183] [exthost] [error] [AndersEAndersen.html-class-suggestions] provider FAILED
[2019-03-26 11:07:59.183] [exthost] [error] Not inside html class attribute.
[2019-03-26 11:07:59.199] [exthost] [error] [AndersEAndersen.html-class-suggestions] provider FAILED
[2019-03-26 11:07:59.199] [exthost] [error] Not inside html class attribute.
[2019-03-26 11:07:59.985] [exthost] [error] [AndersEAndersen.html-class-suggestions] provider FAILED
[2019-03-26 11:07:59.985] [exthost] [error] Not inside html class attribute.
[2019-03-26 11:08:10.650] [exthost] [error] [AndersEAndersen.html-class-suggestions] provider FAILED
[2019-03-26 11:08:10.650] [exthost] [error] Not inside html class attribute.
[2019-03-26 11:08:11.299] [exthost] [error] [AndersEAndersen.html-class-suggestions] provider FAILED
[2019-03-26 11:08:11.299] [exthost] [error] Not inside html class attribute.
[2019-03-26 11:09:00.637] [exthost] [error] [AndersEAndersen.html-class-suggestions] provider FAILED
[2019-03-26 11:09:00.637] [exthost] [error] Not inside html class attribute.
[2019-03-26 11:09:00.945] [exthost] [error] [AndersEAndersen.html-class-suggestions] provider FAILED
[2019-03-26 11:09:00.945] [exthost] [error] Not inside html class attribute.
[2019-03-26 11:09:01.160] [exthost] [error] [AndersEAndersen.html-class-suggestions] provider FAILED
[2019-03-26 11:09:01.160] [exthost] [error] Not inside html class attribute.
[2019-03-26 11:09:03.788] [exthost] [error] [AndersEAndersen.html-class-suggestions] provider FAILED
[2019-03-26 11:09:03.788] [exthost] [error] Not inside html class attribute.
[2019-03-26 11:09:16.133] [exthost] [error] [AndersEAndersen.html-class-suggestions] provider FAILED
[2019-03-26 11:09:16.133] [exthost] [error] Not inside html class attribute.
[2019-03-26 11:09:17.485] [exthost] [error] [AndersEAndersen.html-class-suggestions] provider FAILED
[2019-03-26 11:09:17.485] [exthost] [error] Not inside html class attribute.
[2019-03-26 11:09:18.889] [exthost] [error] [AndersEAndersen.html-class-suggestions] provider FAILED
[2019-03-26 11:09:18.889] [exthost] [error] Not inside html class attribute.
[2019-03-26 11:09:22.849] [exthost] [error] [AndersEAndersen.html-class-suggestions] provider FAILED
[2019-03-26 11:09:22.849] [exthost] [error] Not inside html class attribute.
[2019-03-26 11:09:25.852] [exthost] [error] [AndersEAndersen.html-class-suggestions] provider FAILED
[2019-03-26 11:09:25.852] [exthost] [error] Not inside html class attribute.
[2019-03-26 11:09:27.993] [exthost] [error] [AndersEAndersen.html-class-suggestions] provider FAILED
[2019-03-26 11:09:27.993] [exthost] [error] Not inside html class attribute.
[2019-03-26 11:11:07.030] [exthost] [error] [AndersEAndersen.html-class-suggestions] provider FAILED
[2019-03-26 11:11:07.030] [exthost] [error] Not inside html class attribute.
[2019-03-26 11:11:09.857] [exthost] [error] [AndersEAndersen.html-class-suggestions] provider FAILED
[2019-03-26 11:11:09.857] [exthost] [error] Not inside html class attribute.
[2019-03-26 11:11:10.290] [exthost] [error] [AndersEAndersen.html-class-suggestions] provider FAILED
[2019-03-26 11:11:10.290] [exthost] [error] Not inside html class attribute.
[2019-03-26 11:11:14.584] [exthost] [error] [AndersEAndersen.html-class-suggestions] provider FAILED
[2019-03-26 11:11:14.584] [exthost] [error] Not inside html class attribute.
[2019-03-26 11:11:16.260] [exthost] [error] [AndersEAndersen.html-class-suggestions] provider FAILED
[2019-03-26 11:11:16.260] [exthost] [error] Not inside html class attribute.
[2019-03-26 11:11:17.923] [exthost] [error] [AndersEAndersen.html-class-suggestions] provider FAILED
[2019-03-26 11:11:17.923] [exthost] [error] Not inside html class attribute.
[2019-03-26 11:11:18.919] [exthost] [error] [AndersEAndersen.html-class-suggestions] provider FAILED
[2019-03-26 11:11:18.920] [exthost] [error] Not inside html class attribute.
[2019-03-26 11:11:20.124] [exthost] [error] [AndersEAndersen.html-class-suggestions] provider FAILED
[2019-03-26 11:11:20.124] [exthost] [error] Not inside html class attribute.
[2019-03-26 11:11:21.925] [exthost] [error] [AndersEAndersen.html-class-suggestions] provider FAILED
[2019-03-26 11:11:21.925] [exthost] [error] Not inside html class attribute.
[2019-03-26 11:11:24.273] [exthost] [error] [AndersEAndersen.html-class-suggestions] provider FAILED
[2019-03-26 11:11:24.273] [exthost] [error] Not inside html class attribute.
[2019-03-26 11:11:33.570] [exthost] [error] [AndersEAndersen.html-class-suggestions] provider FAILED
[2019-03-26 11:11:33.570] [exthost] [error] Not inside html class attribute.
[2019-03-26 11:11:34.571] [exthost] [error] [AndersEAndersen.html-class-suggestions] provider FAILED
[2019-03-26 11:11:34.571] [exthost] [error] Not inside html class attribute.
[2019-03-26 11:11:35.470] [exthost] [error] [AndersEAndersen.html-class-suggestions] provider FAILED
[2019-03-26 11:11:35.472] [exthost] [error] Not inside html class attribute.
[2019-03-26 11:12:05.048] [exthost] [error] [AndersEAndersen.html-class-suggestions] provider FAILED
[2019-03-26 11:12:05.048] [exthost] [error] Not inside html class attribute.
[2019-03-26 11:12:40.476] [exthost] [error] [AndersEAndersen.html-class-suggestions] provider FAILED
[2019-03-26 11:12:40.476] [exthost] [error] Not inside html class attribute.
[2019-03-26 11:14:30.284] [exthost] [error] [AndersEAndersen.html-class-suggestions] provider FAILED
[2019-03-26 11:14:30.284] [exthost] [error] Not inside html class attribute.
